[0mGET /favicon.ico [33m404[0m 1.951 ms - 150[0m
[0mGET // [33m404[0m 1.993 ms - 140[0m
[0mGET /jon [33m404[0m 2.004 ms - 142[0m
[0mGET /job [33m404[0m 0.342 ms - 142[0m
[0mGET /job [33m404[0m 0.223 ms - 142[0m
[0mGET /api/v1/job [32m200[0m 1.441 ms - 21[0m
[0mPOST /api/v1/job/application [32m201[0m 322.789 ms - 350[0m
[0mPOST /api/v1/user/register [32m200[0m 21.299 ms - 55[0m
[0mPOST /api/v1/user/register [32m200[0m 4.859 ms - 55[0m
[0mPOST /api/v1/user/register [32m200[0m 0.550 ms - 55[0m
[0mPOST /api/v1/user/register [32m200[0m 3.204 ms - 55[0m
[0mPOST /api/v1/user/register [32m200[0m 5.449 ms - 55[0m
[0mPOST /api/v1/user/register [32m200[0m 11.198 ms - 55[0m
[0mPOST /api/v1/user/register [32m200[0m 5.770 ms - 139[0m
[0mPOST /api/v1/user/register [32m200[0m 4.188 ms - 139[0m
[0mPOST /api/v1/user/register [32m200[0m 5.986 ms - 139[0m
[0mPOST /api/v1/user/register [32m200[0m 5.295 ms - 139[0m
[0mPOST /api/v1/user/register [32m200[0m 3.781 ms - 139[0m
[0mPOST /api/v1/user/register [32m200[0m 3.551 ms - 139[0m
[0mPOST /api/v1/api/v1/user/register [33m404[0m 2.353 ms - 167[0m
[0mPOST /api/v1/user/register [32m200[0m 3.998 ms - 59[0m
[0mPOST /api/v1/user/register [32m200[0m 1.848 ms - 139[0m
[0mPOST /api/v1/user/register [32m200[0m 0.896 ms - 139[0m
[0mPOST /api/v1/user/register [32m200[0m 1.296 ms - 139[0m
[0mPOST /api/v1/user/register [32m200[0m 1.356 ms - 139[0m
[0mPOST /api/v1/user/register [32m201[0m 158.194 ms - 294[0m
[0mPOST /api/v1/user/register [32m200[0m 6.854 ms - 139[0m
[0mPOST /api/v1/user/register [32m200[0m 2.211 ms - 139[0m
[0mPOST /api/v1/user/register [32m200[0m 7.139 ms - 139[0m
[0mPOST /api/v1/user/register [32m200[0m 1.964 ms - 139[0m
[0mPOST /api/v1/user/register [32m200[0m 2.925 ms - 139[0m
[0mPOST /api/v1/user/register [32m200[0m 0.601 ms - 139[0m
[0mPOST /api/v1/user/register [32m200[0m 6.107 ms - 139[0m
[0mPOST /api/v1/user/register [32m200[0m 1.199 ms - 139[0m
[0mPOST /api/v1/user/register [32m200[0m 0.780 ms - 139[0m
[0mPOST /api/v1/user/register [32m200[0m 0.927 ms - 139[0m
[0mPOST /api/v1/user/register [32m200[0m 0.624 ms - 139[0m
[0mPOST /api/v1/user/register [32m200[0m 0.558 ms - 139[0m
[0mPOST /api/v1/user/register [32m200[0m 0.850 ms - 139[0m
[0mPOST /api/v1/user/register [32m200[0m 0.372 ms - 139[0m
[0mPOST /api/v1/user/register [32m200[0m 0.714 ms - 139[0m
[0mPOST /api/v1/user/register [32m200[0m 0.669 ms - 139[0m
[0mPOST /api/v1/user/register [32m200[0m 6.653 ms - 139[0m
[0mPOST /api/v1/user/register [32m200[0m 0.834 ms - 139[0m
[0mPOST /api/v1/user/register [32m200[0m 0.617 ms - 139[0m
[0mPOST /api/v1/user/register [32m200[0m 0.585 ms - 139[0m
[0mPOST /api/v1/user/register [32m200[0m 0.813 ms - 139[0m
[0mPOST /api/v1/user/register [32m200[0m 0.750 ms - 139[0m
[0mPOST /api/v1/user/register [32m200[0m 0.557 ms - 139[0m
[0mPOST /api/v1/user/register [32m200[0m 0.724 ms - 139[0m
[0mPOST /api/v1/user/register [32m200[0m 1.044 ms - 139[0m
[0mPOST /api/v1/user/register [32m200[0m 0.751 ms - 139[0m
[0mPOST /api/v1/user/register [32m200[0m 0.381 ms - 139[0m
[0mPOST /api/v1/user/register [32m200[0m 0.459 ms - 139[0m
[0mPOST /api/v1/user/register [32m200[0m 0.417 ms - 139[0m
[0mPOST /api/v1/user/register [32m200[0m 0.586 ms - 139[0m
[0mPOST /api/v1/user/register [32m200[0m 0.430 ms - 139[0m
[0mPOST /api/v1/user/register [32m200[0m 0.439 ms - 139[0m
[0mPOST /api/v1/user/register [32m200[0m 49.529 ms - 46[0m
[0mPOST /api/v1/user/register [32m200[0m 3.898 ms - 46[0m
[0mPOST /api/v1/user/register [32m200[0m 2.952 ms - 46[0m
[0mPOST /api/v1/user/register [32m200[0m 3.032 ms - 46[0m
[0mPOST /api/v1/user/register [32m200[0m 4.258 ms - 46[0m
[0mPOST /api/v1/user/register [32m200[0m 3.622 ms - 46[0m
[0mPOST /api/v1/user/register [32m200[0m 24.194 ms - 46[0m
[0mPOST /api/v1/user/register [32m201[0m 113.106 ms - 300[0m
[0mPOST /api/v1/user/register [32m200[0m 4.325 ms - 55[0m
[0mPOST /api/v1/user/register [32m201[0m 172.437 ms - 300[0m
[0mPOST /api/v1/user/register [32m200[0m 11.683 ms - 139[0m
[0mPOST /api/v1/user/register [32m200[0m 0.822 ms - 139[0m
[0mPOST /api/v1/user/register [32m201[0m 124.583 ms - 300[0m
[0mPOST /api/v1/user/login [32m200[0m 126.123 ms - 228[0m
[0mPOST /api/v1/user/register [32m201[0m 158.979 ms - 300[0m
[0mPOST /api/v1/user/login [32m200[0m 84.001 ms - 228[0m
[0mPOST /api/v1/user/register [32m200[0m 3.432 ms - 139[0m
[0mPOST /api/v1/user/register [32m200[0m 0.923 ms - 139[0m
[0mPOST /api/v1/user/register [32m200[0m 0.499 ms - 139[0m
[0mPOST /api/v1/user/register [32m200[0m 0.410 ms - 139[0m
[0mPOST /api/v1/user/register [32m200[0m 0.784 ms - 139[0m
[0mPOST /api/v1/user/register [32m200[0m 0.564 ms - 139[0m
[0mPOST /api/v1/user/register [32m200[0m 0.648 ms - 139[0m
[0mPOST /api/v1/user/register [32m200[0m 0.565 ms - 139[0m
[0mPOST /api/v1/user/register [32m200[0m 0.583 ms - 139[0m
[0mPOST /api/v1/user/register [32m200[0m 0.531 ms - 139[0m
[0mPOST /api/v1/user/register [32m200[0m 0.550 ms - 139[0m
[0mPOST /api/v1/user/register [32m200[0m 0.578 ms - 139[0m
[0mPOST /api/v1/user/register [32m200[0m 0.500 ms - 139[0m
[0mPOST /api/v1/user/register [32m200[0m 0.418 ms - 139[0m
[0mPOST /api/v1/user/register [32m200[0m 10.552 ms - 139[0m
[0mPOST /api/v1/user/register [32m200[0m 1.038 ms - 139[0m
[0mPOST /api/v1/user/register [32m200[0m 1.404 ms - 139[0m
[0mPOST /api/v1/user/register [32m200[0m 0.901 ms - 139[0m
[0mPOST /api/v1/user/register [32m200[0m 0.805 ms - 139[0m
[0mPOST /api/v1/user/register [32m200[0m 0.779 ms - 139[0m
[0mPOST /api/v1/user/register [32m200[0m 0.714 ms - 139[0m
[0mPOST /api/v1/user/register [32m200[0m 0.507 ms - 139[0m
[0mPOST /api/v1/user/register [32m200[0m 0.907 ms - 139[0m
[0mPOST /api/v1/user/register [32m200[0m 0.586 ms - 139[0m
[0mPOST /api/v1/user/register [32m200[0m 0.662 ms - 139[0m
[0mPOST /api/v1/user/register [32m200[0m 0.397 ms - 139[0m
[0mPOST /api/v1/user/register [32m200[0m 0.645 ms - 139[0m
[0mPOST /api/v1/user/register [32m200[0m 0.700 ms - 139[0m
[0mPOST /api/v1/user/register [32m200[0m 0.784 ms - 139[0m
[0mPOST /api/v1/user/register [32m200[0m 0.466 ms - 139[0m
[0mPOST /api/v1/user/register [32m200[0m 0.385 ms - 139[0m
[0mPOST /api/v1/user/register [32m200[0m 0.536 ms - 139[0m
[0mPOST /api/v1/user/register [32m200[0m 1.019 ms - 139[0m
[0mPOST /api/v1/user/register [32m200[0m 0.368 ms - 139[0m
[0mPOST /api/v1/user/register [32m200[0m 0.435 ms - 139[0m
[0mPOST /api/v1/user/register [32m200[0m 0.409 ms - 139[0m
[0mPOST /api/v1/user/register [32m200[0m 6.443 ms - 70[0m
[0mPOST /api/v1/user/register [32m200[0m 0.851 ms - 70[0m
[0mPOST /api/v1/user/register [32m200[0m 0.857 ms - 70[0m
[0mPOST /api/v1/user/register [32m200[0m 0.504 ms - 70[0m
[0mPOST /api/v1/user/register [32m201[0m 153.827 ms - 300[0m
[0mPOST /api/v1/user/login [32m200[0m 111.604 ms - 228[0m
[0mPOST /api/v1/user/register [32m201[0m 104.744 ms - 300[0m
[0mPOST /api/v1/user/login [32m200[0m 86.132 ms - 228[0m
